C51 COMPILER V9.60.0.0   APP                                                               01/20/2021 08:08:44 PAGE 1   


C51 COMPILER V9.60.0.0, COMPILATION OF MODULE APP
OBJECT MODULE PLACED IN .\Objects\app.obj
COMPILER INVOKED BY: C:\Keil_v5\C51\BIN\C51.EXE app.c OPTIMIZE(8,SPEED) BROWSE INCDIR(.\Include) DEFINE(FOSC_160000) DEB
                    -UG OBJECTEXTEND PRINT(.\Listings\app.lst) TABS(2) OBJECT(.\Objects\app.obj)

line level    source

   1          #include "app.h"
   2          #include "N76E003.h"
   3          #include "SFR_Macro.h"
   4          #include "Function_define.h"
   5          #include "Common.h"
   6          #include "timer.h"
   7          
   8          //#define set_IAPEN BIT_TMP=EA;EA=0;TA=0xAA;TA=0x55;CHPCON|=SET_BIT0  ;EA=BIT_TMP
   9          //#define set_IAPGO BIT_TMP=EA;EA=0;TA=0xAA;TA=0x55;IAPTRG|=SET_BIT0  ;EA=BIT_TMP
  10          //#define clr_IAPEN BIT_TMP=EA;EA=0;TA=0xAA;TA=0x55;CHPCON&=~SET_BIT0 ;EA=BIT_TMP
  11          
  12          
  13          
  14          
  15          void Init(){
  16   1        
  17   1      }
  18          
  19          void ADC_Init(){
  20   1        
  21   1      }
  22          
  23          void Timer2_Init(){
  24   1        
  25   1      }
  26          
  27          
  28          
  29          unsigned char u8AdcBusy, u16AdcData;
  30          void ADC_Tasks(){
  31   1        
  32   1      }
  33          
  34          unsigned int  Bandgap_Value, Bandgap_Voltage;
  35          void READ_BANDGAP(){
  36   1        unsigned char BandgapHigh, BandgapLow;
  37   1        set_IAPEN;
  38   1        IAPAL = 0x0C;
  39   1        IAPAH = 0x00;
  40   1        IAPCN = 0x04;
  41   1        set_IAPGO;
  42   1        BandgapHigh=IAPFD;
  43   1        IAPAL=0x0d;
  44   1        IAPAH=0x00;
  45   1        IAPCN=0x04;
  46   1        set_IAPGO;
  47   1        BandgapLow=IAPFD;
  48   1        BandgapLow=BandgapLow&0x0F;
  49   1        clr_IAPEN;  //Disable IAPEN
  50   1        Bandgap_Value=(BandgapHigh<<4)+BandgapLow;
  51   1        Bandgap_Voltage=3072/(0x1000/Bandgap_Value);
  52   1      }
  53          

C51 COMPILER V9.60.0.0   APP                                                               01/20/2021 08:08:44 PAGE 2   


MODULE INFORMATION:   STATIC OVERLAYABLE
   CODE SIZE        =    148    ----
   CONSTANT SIZE    =   ----    ----
   XDATA SIZE       =   ----    ----
   PDATA SIZE       =   ----    ----
   DATA SIZE        =      6    ----
   IDATA SIZE       =   ----    ----
   BIT SIZE         =   ----    ----
END OF MODULE INFORMATION.


C51 COMPILATION COMPLETE.  0 WARNING(S),  0 ERROR(S)
