C51 COMPILER V9.60.0.0   TIMER                                                             01/20/2021 00:22:41 PAGE 1   


C51 COMPILER V9.60.0.0, COMPILATION OF MODULE TIMER
OBJECT MODULE PLACED IN .\Objects\timer.obj
COMPILER INVOKED BY: C:\Keil_v5\C51\BIN\C51.EXE timer.c OPTIMIZE(8,SPEED) BROWSE INCDIR(.\Include) DEBUG OBJECTEXTEND PR
                    -INT(.\Listings\timer.lst) TABS(2) OBJECT(.\Objects\timer.obj)

line level    source

   1          #include "timer.h"
   2          #include "N76E003.h"
   3          #include "SFR_Macro.h"
   4          #include "Function_define.h"
   5          #include "Common.h"
   6          #include "app.h"
   7          #include "main.h"
   8          //unsigned char u8Delay1ms;
   9          
  10          void timer0_itCallback()  interrupt 1{
  11   1        TH0 = 0xC1;
  12   1        TL0 = 0x7F;
  13   1        
  14   1        if(u8Delay1ms){
*** ERROR C202 IN LINE 14 OF timer.c: 'u8Delay1ms': undefined identifier
  15   2          u8Delay1ms--;
*** ERROR C202 IN LINE 15 OF timer.c: 'u8Delay1ms': undefined identifier
  16   2        }
  17   1        
  18   1      }

C51 COMPILATION COMPLETE.  0 WARNING(S),  2 ERROR(S)
